{"/Users/washingtonj/insulin-capital/svelte.config.js": {"path":"/Users/washingtonj/insulin-capital/svelte.config.js","all":true,"statementMap":{"0":{"start":{"line":1,"column":0},"end":{"line":1,"column":45}},"1":{"start":{"line":2,"column":0},"end":{"line":2,"column":62}},"3":{"start":{"line":4,"column":0},"end":{"line":4,"column":45}},"4":{"start":{"line":5,"column":0},"end":{"line":5,"column":16}},"5":{"start":{"line":6,"column":0},"end":{"line":6,"column":52}},"6":{"start":{"line":7,"column":0},"end":{"line":7,"column":44}},"7":{"start":{"line":8,"column":0},"end":{"line":8,"column":30}},"9":{"start":{"line":10,"column":0},"end":{"line":10,"column":7}},"10":{"start":{"line":11,"column":0},"end":{"line":11,"column":107}},"11":{"start":{"line":12,"column":0},"end":{"line":12,"column":108}},"12":{"start":{"line":13,"column":0},"end":{"line":13,"column":82}},"13":{"start":{"line":14,"column":0},"end":{"line":14,"column":20}},"14":{"start":{"line":15,"column":0},"end":{"line":15,"column":2}},"15":{"start":{"line":16,"column":0},"end":{"line":16,"column":2}},"17":{"start":{"line":18,"column":0},"end":{"line":18,"column":22}}},"s":{"0":0,"1":0,"3":0,"4":0,"5":0,"6":0,"7":0,"9":0,"10":0,"11":0,"12":0,"13":0,"14":0,"15":0,"17":0},"branchMap":{"0":{"type":"branch","line":1,"loc":{"start":{"line":1,"column":661},"end":{"line":18,"column":22}},"locations":[{"start":{"line":1,"column":661},"end":{"line":18,"column":22}}]}},"b":{"0":[0]},"fnMap":{"0":{"name":"(empty-report)","decl":{"start":{"line":1,"column":661},"end":{"line":18,"column":22}},"loc":{"start":{"line":1,"column":661},"end":{"line":18,"column":22}},"line":1}},"f":{"0":0}}
,"/Users/washingtonj/insulin-capital/src/core/entities/address.ts": {"path":"/Users/washingtonj/insulin-capital/src/core/entities/address.ts","all":false,"statementMap":{"0":{"start":{"line":1,"column":0},"end":{"line":1,"column":28}},"1":{"start":{"line":2,"column":0},"end":{"line":2,"column":25}},"2":{"start":{"line":3,"column":0},"end":{"line":3,"column":26}},"3":{"start":{"line":4,"column":0},"end":{"line":4,"column":27}},"5":{"start":{"line":6,"column":0},"end":{"line":6,"column":35}},"6":{"start":{"line":7,"column":0},"end":{"line":7,"column":28}},"7":{"start":{"line":8,"column":0},"end":{"line":8,"column":2}},"8":{"start":{"line":9,"column":0},"end":{"line":9,"column":1}}},"s":{"0":1,"1":1,"2":1,"3":1,"5":1,"6":1,"7":1,"8":1},"branchMap":{"0":{"type":"branch","line":1,"loc":{"start":{"line":1,"column":27},"end":{"line":9,"column":1}},"locations":[{"start":{"line":1,"column":27},"end":{"line":9,"column":1}}]},"1":{"type":"branch","line":6,"loc":{"start":{"line":6,"column":1},"end":{"line":8,"column":2}},"locations":[{"start":{"line":6,"column":1},"end":{"line":8,"column":2}}]}},"b":{"0":[1],"1":[1]},"fnMap":{"0":{"name":"<instance_members_initializer>","decl":{"start":{"line":1,"column":27},"end":{"line":9,"column":1}},"loc":{"start":{"line":1,"column":27},"end":{"line":9,"column":1}},"line":1},"1":{"name":"AddressEntity","decl":{"start":{"line":6,"column":1},"end":{"line":8,"column":2}},"loc":{"start":{"line":6,"column":1},"end":{"line":8,"column":2}},"line":6}},"f":{"0":1,"1":1}}
,"/Users/washingtonj/insulin-capital/src/core/entities/availability.ts": {"path":"/Users/washingtonj/insulin-capital/src/core/entities/availability.ts","all":false,"statementMap":{"3":{"start":{"line":4,"column":0},"end":{"line":4,"column":33}},"4":{"start":{"line":5,"column":0},"end":{"line":5,"column":28}},"5":{"start":{"line":6,"column":0},"end":{"line":6,"column":13}},"13":{"start":{"line":14,"column":0},"end":{"line":14,"column":40}},"14":{"start":{"line":15,"column":0},"end":{"line":15,"column":28}},"15":{"start":{"line":16,"column":0},"end":{"line":16,"column":2}},"16":{"start":{"line":17,"column":0},"end":{"line":17,"column":1}}},"s":{"3":1,"4":2,"5":2,"13":2,"14":2,"15":2,"16":2},"branchMap":{"0":{"type":"branch","line":4,"loc":{"start":{"line":4,"column":32},"end":{"line":17,"column":1}},"locations":[{"start":{"line":4,"column":32},"end":{"line":17,"column":1}}]},"1":{"type":"branch","line":14,"loc":{"start":{"line":14,"column":1},"end":{"line":16,"column":2}},"locations":[{"start":{"line":14,"column":1},"end":{"line":16,"column":2}}]}},"b":{"0":[2],"1":[2]},"fnMap":{"0":{"name":"<instance_members_initializer>","decl":{"start":{"line":4,"column":32},"end":{"line":17,"column":1}},"loc":{"start":{"line":4,"column":32},"end":{"line":17,"column":1}},"line":4},"1":{"name":"AvailabilityEntity","decl":{"start":{"line":14,"column":1},"end":{"line":16,"column":2}},"loc":{"start":{"line":14,"column":1},"end":{"line":16,"column":2}},"line":14}},"f":{"0":2,"1":2}}
,"/Users/washingtonj/insulin-capital/src/core/entities/insulin.ts": {"path":"/Users/washingtonj/insulin-capital/src/core/entities/insulin.ts","all":false,"statementMap":{"0":{"start":{"line":1,"column":0},"end":{"line":1,"column":28}},"1":{"start":{"line":2,"column":0},"end":{"line":2,"column":15}},"2":{"start":{"line":3,"column":0},"end":{"line":3,"column":15}},"3":{"start":{"line":4,"column":0},"end":{"line":4,"column":21}},"5":{"start":{"line":6,"column":0},"end":{"line":6,"column":35}},"6":{"start":{"line":7,"column":0},"end":{"line":7,"column":28}},"7":{"start":{"line":8,"column":0},"end":{"line":8,"column":2}},"8":{"start":{"line":9,"column":0},"end":{"line":9,"column":1}}},"s":{"0":1,"1":4,"2":4,"3":4,"5":4,"6":4,"7":4,"8":4},"branchMap":{"0":{"type":"branch","line":1,"loc":{"start":{"line":1,"column":27},"end":{"line":9,"column":1}},"locations":[{"start":{"line":1,"column":27},"end":{"line":9,"column":1}}]},"1":{"type":"branch","line":6,"loc":{"start":{"line":6,"column":1},"end":{"line":8,"column":2}},"locations":[{"start":{"line":6,"column":1},"end":{"line":8,"column":2}}]}},"b":{"0":[4],"1":[4]},"fnMap":{"0":{"name":"<instance_members_initializer>","decl":{"start":{"line":1,"column":27},"end":{"line":9,"column":1}},"loc":{"start":{"line":1,"column":27},"end":{"line":9,"column":1}},"line":1},"1":{"name":"InsulinEntity","decl":{"start":{"line":6,"column":1},"end":{"line":8,"column":2}},"loc":{"start":{"line":6,"column":1},"end":{"line":8,"column":2}},"line":6}},"f":{"0":4,"1":4}}
,"/Users/washingtonj/insulin-capital/src/core/entities/pickup-point.ts": {"path":"/Users/washingtonj/insulin-capital/src/core/entities/pickup-point.ts","all":false,"statementMap":{"2":{"start":{"line":3,"column":0},"end":{"line":3,"column":32}},"3":{"start":{"line":4,"column":0},"end":{"line":4,"column":20}},"4":{"start":{"line":5,"column":0},"end":{"line":5,"column":25}},"6":{"start":{"line":7,"column":0},"end":{"line":7,"column":39}},"7":{"start":{"line":8,"column":0},"end":{"line":8,"column":28}},"8":{"start":{"line":9,"column":0},"end":{"line":9,"column":2}},"9":{"start":{"line":10,"column":0},"end":{"line":10,"column":1}}},"s":{"2":1,"3":2,"4":2,"6":2,"7":2,"8":2,"9":2},"branchMap":{"0":{"type":"branch","line":3,"loc":{"start":{"line":3,"column":31},"end":{"line":10,"column":1}},"locations":[{"start":{"line":3,"column":31},"end":{"line":10,"column":1}}]},"1":{"type":"branch","line":7,"loc":{"start":{"line":7,"column":1},"end":{"line":9,"column":2}},"locations":[{"start":{"line":7,"column":1},"end":{"line":9,"column":2}}]}},"b":{"0":[2],"1":[2]},"fnMap":{"0":{"name":"<instance_members_initializer>","decl":{"start":{"line":3,"column":31},"end":{"line":10,"column":1}},"loc":{"start":{"line":3,"column":31},"end":{"line":10,"column":1}},"line":3},"1":{"name":"PickupPointEntity","decl":{"start":{"line":7,"column":1},"end":{"line":9,"column":2}},"loc":{"start":{"line":7,"column":1},"end":{"line":9,"column":2}},"line":7}},"f":{"0":2,"1":2}}
,"/Users/washingtonj/insulin-capital/src/core/services/e-saude.ts": {"path":"/Users/washingtonj/insulin-capital/src/core/services/e-saude.ts","all":false,"statementMap":{"1":{"start":{"line":2,"column":0},"end":{"line":2,"column":52}},"2":{"start":{"line":3,"column":0},"end":{"line":3,"column":62}},"3":{"start":{"line":4,"column":0},"end":{"line":4,"column":61}},"5":{"start":{"line":6,"column":0},"end":{"line":6,"column":25}},"6":{"start":{"line":7,"column":0},"end":{"line":7,"column":2}},"7":{"start":{"line":8,"column":0},"end":{"line":8,"column":27}},"8":{"start":{"line":9,"column":0},"end":{"line":9,"column":80}},"9":{"start":{"line":10,"column":0},"end":{"line":10,"column":54}},"10":{"start":{"line":11,"column":0},"end":{"line":11,"column":3}},"11":{"start":{"line":12,"column":0},"end":{"line":12,"column":2}},"12":{"start":{"line":13,"column":0},"end":{"line":13,"column":27}},"13":{"start":{"line":14,"column":0},"end":{"line":14,"column":84}},"14":{"start":{"line":15,"column":0},"end":{"line":15,"column":58}},"15":{"start":{"line":16,"column":0},"end":{"line":16,"column":3}},"16":{"start":{"line":17,"column":0},"end":{"line":17,"column":2}},"17":{"start":{"line":18,"column":0},"end":{"line":18,"column":27}},"18":{"start":{"line":19,"column":0},"end":{"line":19,"column":96}},"19":{"start":{"line":20,"column":0},"end":{"line":20,"column":58}},"20":{"start":{"line":21,"column":0},"end":{"line":21,"column":3}},"21":{"start":{"line":22,"column":0},"end":{"line":22,"column":2}},"22":{"start":{"line":23,"column":0},"end":{"line":23,"column":27}},"23":{"start":{"line":24,"column":0},"end":{"line":24,"column":74}},"24":{"start":{"line":25,"column":0},"end":{"line":25,"column":51}},"25":{"start":{"line":26,"column":0},"end":{"line":26,"column":3}},"26":{"start":{"line":27,"column":0},"end":{"line":27,"column":2}},"27":{"start":{"line":28,"column":0},"end":{"line":28,"column":27}},"28":{"start":{"line":29,"column":0},"end":{"line":29,"column":91}},"29":{"start":{"line":30,"column":0},"end":{"line":30,"column":47}},"30":{"start":{"line":31,"column":0},"end":{"line":31,"column":3}},"31":{"start":{"line":32,"column":0},"end":{"line":32,"column":2}},"32":{"start":{"line":33,"column":0},"end":{"line":33,"column":27}},"33":{"start":{"line":34,"column":0},"end":{"line":34,"column":70}},"34":{"start":{"line":35,"column":0},"end":{"line":35,"column":47}},"35":{"start":{"line":36,"column":0},"end":{"line":36,"column":2}},"36":{"start":{"line":37,"column":0},"end":{"line":37,"column":21}},"39":{"start":{"line":40,"column":0},"end":{"line":40,"column":23}},"40":{"start":{"line":41,"column":0},"end":{"line":41,"column":25}},"42":{"start":{"line":43,"column":0},"end":{"line":43,"column":38}},"43":{"start":{"line":44,"column":0},"end":{"line":44,"column":19}},"44":{"start":{"line":45,"column":0},"end":{"line":45,"column":31}},"45":{"start":{"line":46,"column":0},"end":{"line":46,"column":26}},"46":{"start":{"line":47,"column":0},"end":{"line":47,"column":63}},"47":{"start":{"line":48,"column":0},"end":{"line":48,"column":40}},"48":{"start":{"line":49,"column":0},"end":{"line":49,"column":13}},"49":{"start":{"line":50,"column":0},"end":{"line":50,"column":3}},"50":{"start":{"line":51,"column":0},"end":{"line":51,"column":45}},"51":{"start":{"line":52,"column":0},"end":{"line":52,"column":41}},"52":{"start":{"line":53,"column":0},"end":{"line":53,"column":28}},"53":{"start":{"line":54,"column":0},"end":{"line":54,"column":14}},"54":{"start":{"line":55,"column":0},"end":{"line":55,"column":28}},"55":{"start":{"line":56,"column":0},"end":{"line":56,"column":37}},"56":{"start":{"line":57,"column":0},"end":{"line":57,"column":37}},"57":{"start":{"line":58,"column":0},"end":{"line":58,"column":5}},"58":{"start":{"line":59,"column":0},"end":{"line":59,"column":6}},"60":{"start":{"line":61,"column":0},"end":{"line":61,"column":65}},"62":{"start":{"line":63,"column":0},"end":{"line":63,"column":71}},"63":{"start":{"line":64,"column":0},"end":{"line":64,"column":45}},"64":{"start":{"line":65,"column":0},"end":{"line":65,"column":73}},"65":{"start":{"line":66,"column":0},"end":{"line":66,"column":6}},"67":{"start":{"line":68,"column":0},"end":{"line":68,"column":39}},"68":{"start":{"line":69,"column":0},"end":{"line":69,"column":53}},"69":{"start":{"line":70,"column":0},"end":{"line":70,"column":28}},"70":{"start":{"line":71,"column":0},"end":{"line":71,"column":64}},"71":{"start":{"line":72,"column":0},"end":{"line":72,"column":7}},"74":{"start":{"line":75,"column":0},"end":{"line":75,"column":29}},"75":{"start":{"line":76,"column":0},"end":{"line":76,"column":56}},"76":{"start":{"line":77,"column":0},"end":{"line":77,"column":62}},"78":{"start":{"line":79,"column":0},"end":{"line":79,"column":12}},"79":{"start":{"line":80,"column":0},"end":{"line":80,"column":13}},"80":{"start":{"line":81,"column":0},"end":{"line":81,"column":39}},"81":{"start":{"line":82,"column":0},"end":{"line":82,"column":10}},"82":{"start":{"line":83,"column":0},"end":{"line":83,"column":6}},"83":{"start":{"line":84,"column":0},"end":{"line":84,"column":6}},"85":{"start":{"line":86,"column":0},"end":{"line":86,"column":34}},"86":{"start":{"line":87,"column":0},"end":{"line":87,"column":11}},"87":{"start":{"line":88,"column":0},"end":{"line":88,"column":12}},"88":{"start":{"line":89,"column":0},"end":{"line":89,"column":6}},"89":{"start":{"line":90,"column":0},"end":{"line":90,"column":5}},"90":{"start":{"line":91,"column":0},"end":{"line":91,"column":2}},"91":{"start":{"line":92,"column":0},"end":{"line":92,"column":1}},"94":{"start":{"line":95,"column":0},"end":{"line":95,"column":28}},"95":{"start":{"line":96,"column":0},"end":{"line":96,"column":98}},"97":{"start":{"line":98,"column":0},"end":{"line":98,"column":20}},"98":{"start":{"line":99,"column":0},"end":{"line":99,"column":25}},"99":{"start":{"line":100,"column":0},"end":{"line":100,"column":2}},"101":{"start":{"line":102,"column":0},"end":{"line":102,"column":75}},"102":{"start":{"line":103,"column":0},"end":{"line":103,"column":81}},"103":{"start":{"line":104,"column":0},"end":{"line":104,"column":18}},"104":{"start":{"line":105,"column":0},"end":{"line":105,"column":13}},"105":{"start":{"line":106,"column":0},"end":{"line":106,"column":38}},"106":{"start":{"line":107,"column":0},"end":{"line":107,"column":5}},"107":{"start":{"line":108,"column":0},"end":{"line":108,"column":25}},"108":{"start":{"line":109,"column":0},"end":{"line":109,"column":11}},"109":{"start":{"line":110,"column":0},"end":{"line":110,"column":47}},"110":{"start":{"line":111,"column":0},"end":{"line":111,"column":23}},"111":{"start":{"line":112,"column":0},"end":{"line":112,"column":24}},"112":{"start":{"line":113,"column":0},"end":{"line":113,"column":9}},"113":{"start":{"line":114,"column":0},"end":{"line":114,"column":19}},"114":{"start":{"line":115,"column":0},"end":{"line":115,"column":28}},"115":{"start":{"line":116,"column":0},"end":{"line":116,"column":28}},"116":{"start":{"line":117,"column":0},"end":{"line":117,"column":7}},"117":{"start":{"line":118,"column":0},"end":{"line":118,"column":30}},"118":{"start":{"line":119,"column":0},"end":{"line":119,"column":5}},"119":{"start":{"line":120,"column":0},"end":{"line":120,"column":5}},"120":{"start":{"line":121,"column":0},"end":{"line":121,"column":5}},"122":{"start":{"line":123,"column":0},"end":{"line":123,"column":20}},"123":{"start":{"line":124,"column":0},"end":{"line":124,"column":71}},"124":{"start":{"line":125,"column":0},"end":{"line":125,"column":3}},"125":{"start":{"line":126,"column":0},"end":{"line":126,"column":40}},"126":{"start":{"line":127,"column":0},"end":{"line":127,"column":96}},"128":{"start":{"line":129,"column":0},"end":{"line":129,"column":29}},"129":{"start":{"line":130,"column":0},"end":{"line":130,"column":2}},"130":{"start":{"line":131,"column":0},"end":{"line":131,"column":1}}},"s":{"1":1,"2":1,"3":1,"5":1,"6":1,"7":1,"8":1,"9":1,"10":1,"11":1,"12":1,"13":1,"14":1,"15":1,"16":1,"17":1,"18":1,"19":1,"20":1,"21":1,"22":1,"23":1,"24":1,"25":1,"26":1,"27":1,"28":1,"29":1,"30":1,"31":1,"32":1,"33":1,"34":1,"35":1,"36":1,"39":1,"40":1,"42":1,"43":4,"44":4,"45":4,"46":4,"47":4,"48":1,"49":1,"50":3,"51":2,"52":2,"53":2,"54":2,"55":2,"56":2,"57":2,"58":2,"60":2,"62":2,"63":2,"64":2,"65":2,"67":2,"68":2,"69":2,"70":2,"71":2,"74":2,"75":2,"76":1,"78":2,"79":2,"80":2,"81":2,"82":2,"83":2,"85":2,"86":2,"87":2,"88":2,"89":3,"90":4,"91":1,"94":1,"95":9,"97":9,"98":1,"99":1,"101":9,"102":4,"103":4,"104":4,"105":4,"106":4,"107":4,"108":4,"109":4,"110":6,"111":6,"112":4,"113":4,"114":4,"115":4,"116":4,"117":4,"118":4,"119":4,"120":4,"122":4,"123":4,"124":4,"125":4,"126":4,"128":4,"129":4,"130":9},"branchMap":{"0":{"type":"branch","line":43,"loc":{"start":{"line":43,"column":8},"end":{"line":91,"column":2}},"locations":[{"start":{"line":43,"column":8},"end":{"line":91,"column":2}}]},"1":{"type":"branch","line":48,"loc":{"start":{"line":48,"column":39},"end":{"line":50,"column":3}},"locations":[{"start":{"line":48,"column":39},"end":{"line":50,"column":3}}]},"2":{"type":"branch","line":50,"loc":{"start":{"line":50,"column":2},"end":{"line":90,"column":5}},"locations":[{"start":{"line":50,"column":2},"end":{"line":90,"column":5}}]},"3":{"type":"branch","line":51,"loc":{"start":{"line":51,"column":29},"end":{"line":90,"column":3}},"locations":[{"start":{"line":51,"column":29},"end":{"line":90,"column":3}}]},"4":{"type":"branch","line":61,"loc":{"start":{"line":61,"column":26},"end":{"line":61,"column":45}},"locations":[{"start":{"line":61,"column":26},"end":{"line":61,"column":45}}]},"5":{"type":"branch","line":61,"loc":{"start":{"line":61,"column":49},"end":{"line":84,"column":4}},"locations":[{"start":{"line":61,"column":49},"end":{"line":84,"column":4}}]},"6":{"type":"branch","line":69,"loc":{"start":{"line":69,"column":11},"end":{"line":69,"column":50}},"locations":[{"start":{"line":69,"column":11},"end":{"line":69,"column":50}}]},"7":{"type":"branch","line":69,"loc":{"start":{"line":69,"column":43},"end":{"line":69,"column":53}},"locations":[{"start":{"line":69,"column":43},"end":{"line":69,"column":53}}]},"8":{"type":"branch","line":71,"loc":{"start":{"line":71,"column":17},"end":{"line":71,"column":62}},"locations":[{"start":{"line":71,"column":17},"end":{"line":71,"column":62}}]},"9":{"type":"branch","line":71,"loc":{"start":{"line":71,"column":49},"end":{"line":71,"column":64}},"locations":[{"start":{"line":71,"column":49},"end":{"line":71,"column":64}}]},"10":{"type":"branch","line":76,"loc":{"start":{"line":76,"column":46},"end":{"line":77,"column":62}},"locations":[{"start":{"line":76,"column":46},"end":{"line":77,"column":62}}]},"11":{"type":"branch","line":77,"loc":{"start":{"line":77,"column":52},"end":{"line":77,"column":62}},"locations":[{"start":{"line":77,"column":52},"end":{"line":77,"column":62}}]},"12":{"type":"branch","line":63,"loc":{"start":{"line":63,"column":22},"end":{"line":63,"column":71}},"locations":[{"start":{"line":63,"column":22},"end":{"line":63,"column":71}}]},"13":{"type":"branch","line":65,"loc":{"start":{"line":65,"column":5},"end":{"line":65,"column":73}},"locations":[{"start":{"line":65,"column":5},"end":{"line":65,"column":73}}]},"14":{"type":"branch","line":95,"loc":{"start":{"line":95,"column":27},"end":{"line":131,"column":1}},"locations":[{"start":{"line":95,"column":27},"end":{"line":131,"column":1}}]},"15":{"type":"branch","line":98,"loc":{"start":{"line":98,"column":1},"end":{"line":100,"column":2}},"locations":[{"start":{"line":98,"column":1},"end":{"line":100,"column":2}}]},"16":{"type":"branch","line":102,"loc":{"start":{"line":102,"column":1},"end":{"line":130,"column":2}},"locations":[{"start":{"line":102,"column":1},"end":{"line":130,"column":2}}]},"17":{"type":"branch","line":110,"loc":{"start":{"line":110,"column":32},"end":{"line":113,"column":7}},"locations":[{"start":{"line":110,"column":32},"end":{"line":113,"column":7}}]}},"b":{"0":[4],"1":[1],"2":[3],"3":[2],"4":[0],"5":[2],"6":[1],"7":[1],"8":[1],"9":[1],"10":[1],"11":[0],"12":[2],"13":[1],"14":[9],"15":[1],"16":[4],"17":[6]},"fnMap":{"0":{"name":"ESaudeTransform","decl":{"start":{"line":41,"column":9},"end":{"line":41,"column":25}},"loc":{"start":{"line":41,"column":9},"end":{"line":41,"column":25}},"line":41},"1":{"name":"transformAvailabilityResponse","decl":{"start":{"line":43,"column":8},"end":{"line":91,"column":2}},"loc":{"start":{"line":43,"column":8},"end":{"line":91,"column":2}},"line":43},"2":{"name":"normalize","decl":{"start":{"line":63,"column":22},"end":{"line":63,"column":71}},"loc":{"start":{"line":63,"column":22},"end":{"line":63,"column":71}},"line":63},"3":{"name":"<instance_members_initializer>","decl":{"start":{"line":95,"column":27},"end":{"line":131,"column":1}},"loc":{"start":{"line":95,"column":27},"end":{"line":131,"column":1}},"line":95},"4":{"name":"getInsulinsInfo","decl":{"start":{"line":98,"column":1},"end":{"line":100,"column":2}},"loc":{"start":{"line":98,"column":1},"end":{"line":100,"column":2}},"line":98},"5":{"name":"getAvailability","decl":{"start":{"line":102,"column":1},"end":{"line":130,"column":2}},"loc":{"start":{"line":102,"column":1},"end":{"line":130,"column":2}},"line":102}},"f":{"0":0,"1":4,"2":2,"3":9,"4":1,"5":4}}
,"/Users/washingtonj/insulin-capital/src/core/usecases/get-insulin-availability.ts": {"path":"/Users/washingtonj/insulin-capital/src/core/usecases/get-insulin-availability.ts","all":false,"statementMap":{"0":{"start":{"line":1,"column":0},"end":{"line":1,"column":52}},"4":{"start":{"line":5,"column":0},"end":{"line":5,"column":49}},"6":{"start":{"line":7,"column":0},"end":{"line":7,"column":2}},"7":{"start":{"line":8,"column":0},"end":{"line":8,"column":69}},"8":{"start":{"line":9,"column":0},"end":{"line":9,"column":24}},"9":{"start":{"line":10,"column":0},"end":{"line":10,"column":23}},"10":{"start":{"line":11,"column":0},"end":{"line":11,"column":2}},"11":{"start":{"line":12,"column":0},"end":{"line":12,"column":2}},"13":{"start":{"line":14,"column":0},"end":{"line":14,"column":37}},"14":{"start":{"line":15,"column":0},"end":{"line":15,"column":38}},"16":{"start":{"line":17,"column":0},"end":{"line":17,"column":16}},"17":{"start":{"line":18,"column":0},"end":{"line":18,"column":43}},"18":{"start":{"line":19,"column":0},"end":{"line":19,"column":2}},"20":{"start":{"line":21,"column":0},"end":{"line":21,"column":18}},"21":{"start":{"line":22,"column":0},"end":{"line":22,"column":56}},"22":{"start":{"line":23,"column":0},"end":{"line":23,"column":46}},"24":{"start":{"line":25,"column":0},"end":{"line":25,"column":55}},"25":{"start":{"line":26,"column":0},"end":{"line":26,"column":80}},"26":{"start":{"line":27,"column":0},"end":{"line":27,"column":48}},"27":{"start":{"line":28,"column":0},"end":{"line":28,"column":3}},"30":{"start":{"line":31,"column":0},"end":{"line":31,"column":31}},"31":{"start":{"line":32,"column":0},"end":{"line":32,"column":66}},"32":{"start":{"line":33,"column":0},"end":{"line":33,"column":66}},"33":{"start":{"line":34,"column":0},"end":{"line":34,"column":28}},"34":{"start":{"line":35,"column":0},"end":{"line":35,"column":5}},"36":{"start":{"line":37,"column":0},"end":{"line":37,"column":22}},"37":{"start":{"line":38,"column":0},"end":{"line":38,"column":2}},"38":{"start":{"line":39,"column":0},"end":{"line":39,"column":1}}},"s":{"0":1,"4":1,"6":1,"7":1,"8":1,"9":1,"10":1,"11":1,"13":1,"14":4,"16":4,"17":4,"18":4,"20":4,"21":4,"22":4,"24":4,"25":4,"26":4,"27":4,"30":4,"31":4,"32":4,"33":4,"34":4,"36":4,"37":4,"38":4},"branchMap":{"0":{"type":"branch","line":14,"loc":{"start":{"line":14,"column":36},"end":{"line":39,"column":1}},"locations":[{"start":{"line":14,"column":36},"end":{"line":39,"column":1}}]},"1":{"type":"branch","line":17,"loc":{"start":{"line":17,"column":1},"end":{"line":19,"column":2}},"locations":[{"start":{"line":17,"column":1},"end":{"line":19,"column":2}}]},"2":{"type":"branch","line":21,"loc":{"start":{"line":21,"column":1},"end":{"line":38,"column":2}},"locations":[{"start":{"line":21,"column":1},"end":{"line":38,"column":2}}]},"3":{"type":"branch","line":31,"loc":{"start":{"line":31,"column":20},"end":{"line":35,"column":3}},"locations":[{"start":{"line":31,"column":20},"end":{"line":35,"column":3}}]},"4":{"type":"branch","line":32,"loc":{"start":{"line":32,"column":37},"end":{"line":32,"column":57}},"locations":[{"start":{"line":32,"column":37},"end":{"line":32,"column":57}}]},"5":{"type":"branch","line":33,"loc":{"start":{"line":33,"column":37},"end":{"line":33,"column":57}},"locations":[{"start":{"line":33,"column":37},"end":{"line":33,"column":57}}]}},"b":{"0":[4],"1":[4],"2":[4],"3":[4],"4":[8],"5":[8]},"fnMap":{"0":{"name":"<instance_members_initializer>","decl":{"start":{"line":14,"column":36},"end":{"line":39,"column":1}},"loc":{"start":{"line":14,"column":36},"end":{"line":39,"column":1}},"line":14},"1":{"name":"GetInsulinAvailability","decl":{"start":{"line":17,"column":1},"end":{"line":19,"column":2}},"loc":{"start":{"line":17,"column":1},"end":{"line":19,"column":2}},"line":17},"2":{"name":"execute","decl":{"start":{"line":21,"column":1},"end":{"line":38,"column":2}},"loc":{"start":{"line":21,"column":1},"end":{"line":38,"column":2}},"line":21}},"f":{"0":4,"1":4,"2":4}}
,"/Users/washingtonj/insulin-capital/src/lib/index.ts": {"path":"/Users/washingtonj/insulin-capital/src/lib/index.ts","all":true,"statementMap":{},"s":{},"branchMap":{"0":{"type":"branch","line":1,"loc":{"start":{"line":1,"column":74},"end":{"line":1,"column":74}},"locations":[{"start":{"line":1,"column":74},"end":{"line":1,"column":74}}]}},"b":{"0":[1]},"fnMap":{"0":{"name":"(empty-report)","decl":{"start":{"line":1,"column":74},"end":{"line":1,"column":74}},"loc":{"start":{"line":1,"column":74},"end":{"line":1,"column":74}},"line":1}},"f":{"0":1}}
,"/Users/washingtonj/insulin-capital/src/routes/+layout.svelte": {"path":"/Users/washingtonj/insulin-capital/src/routes/+layout.svelte","all":true,"statementMap":{},"s":{},"branchMap":{"0":{"type":"branch","line":1,"loc":{"start":{"line":1,"column":103},"end":{"line":7,"column":20}},"locations":[{"start":{"line":1,"column":103},"end":{"line":7,"column":20}}]}},"b":{"0":[1]},"fnMap":{"0":{"name":"(empty-report)","decl":{"start":{"line":1,"column":103},"end":{"line":7,"column":20}},"loc":{"start":{"line":1,"column":103},"end":{"line":7,"column":20}},"line":1}},"f":{"0":1}}
,"/Users/washingtonj/insulin-capital/src/routes/+page.server.ts": {"path":"/Users/washingtonj/insulin-capital/src/routes/+page.server.ts","all":true,"statementMap":{"1":{"start":{"line":2,"column":0},"end":{"line":2,"column":83}},"3":{"start":{"line":4,"column":0},"end":{"line":4,"column":49}},"4":{"start":{"line":5,"column":0},"end":{"line":5,"column":46}},"5":{"start":{"line":6,"column":0},"end":{"line":6,"column":40}},"7":{"start":{"line":8,"column":0},"end":{"line":8,"column":9}},"8":{"start":{"line":9,"column":0},"end":{"line":9,"column":39}},"9":{"start":{"line":10,"column":0},"end":{"line":10,"column":3}},"10":{"start":{"line":11,"column":0},"end":{"line":11,"column":2}}},"s":{"1":0,"3":0,"4":0,"5":0,"7":0,"8":0,"9":0,"10":0},"branchMap":{"0":{"type":"branch","line":1,"loc":{"start":{"line":1,"column":328},"end":{"line":11,"column":2}},"locations":[{"start":{"line":1,"column":328},"end":{"line":11,"column":2}}]}},"b":{"0":[1]},"fnMap":{"0":{"name":"(empty-report)","decl":{"start":{"line":1,"column":328},"end":{"line":11,"column":2}},"loc":{"start":{"line":1,"column":328},"end":{"line":11,"column":2}},"line":1}},"f":{"0":1}}
,"/Users/washingtonj/insulin-capital/src/routes/+page.svelte": {"path":"/Users/washingtonj/insulin-capital/src/routes/+page.svelte","all":true,"statementMap":{"11":{"start":{"line":12,"column":0},"end":{"line":12,"column":71}},"14":{"start":{"line":15,"column":0},"end":{"line":15,"column":59}},"15":{"start":{"line":16,"column":0},"end":{"line":16,"column":67}},"19":{"start":{"line":20,"column":0},"end":{"line":20,"column":69}},"22":{"start":{"line":23,"column":0},"end":{"line":23,"column":27}},"23":{"start":{"line":24,"column":0},"end":{"line":24,"column":26}},"24":{"start":{"line":25,"column":0},"end":{"line":25,"column":23}},"25":{"start":{"line":26,"column":0},"end":{"line":26,"column":30}},"26":{"start":{"line":27,"column":0},"end":{"line":27,"column":24}},"27":{"start":{"line":28,"column":0},"end":{"line":28,"column":30}},"28":{"start":{"line":29,"column":0},"end":{"line":29,"column":17}},"30":{"start":{"line":31,"column":0},"end":{"line":31,"column":15}},"33":{"start":{"line":34,"column":0},"end":{"line":34,"column":29}}},"s":{"11":0,"14":0,"15":0,"19":0,"22":0,"23":0,"24":0,"25":0,"26":0,"27":0,"28":0,"30":0,"33":0},"branchMap":{"0":{"type":"branch","line":1,"loc":{"start":{"line":1,"column":1122},"end":{"line":43,"column":7}},"locations":[{"start":{"line":1,"column":1122},"end":{"line":43,"column":7}}]}},"b":{"0":[1]},"fnMap":{"0":{"name":"(empty-report)","decl":{"start":{"line":1,"column":1122},"end":{"line":43,"column":7}},"loc":{"start":{"line":1,"column":1122},"end":{"line":43,"column":7}},"line":1}},"f":{"0":1}}
,"/Users/washingtonj/insulin-capital/src/stories/Button.stories.svelte": {"path":"/Users/washingtonj/insulin-capital/src/stories/Button.stories.svelte","all":true,"statementMap":{"6":{"start":{"line":7,"column":0},"end":{"line":7,"column":32}},"7":{"start":{"line":8,"column":0},"end":{"line":8,"column":28}},"8":{"start":{"line":9,"column":0},"end":{"line":9,"column":22}},"9":{"start":{"line":10,"column":0},"end":{"line":10,"column":23}},"10":{"start":{"line":11,"column":0},"end":{"line":11,"column":15}},"11":{"start":{"line":12,"column":0},"end":{"line":12,"column":44}},"12":{"start":{"line":13,"column":0},"end":{"line":13,"column":13}},"13":{"start":{"line":14,"column":0},"end":{"line":14,"column":36}},"14":{"start":{"line":15,"column":0},"end":{"line":15,"column":46}},"17":{"start":{"line":18,"column":0},"end":{"line":18,"column":11}},"18":{"start":{"line":19,"column":0},"end":{"line":19,"column":20}},"24":{"start":{"line":25,"column":0},"end":{"line":25,"column":66}},"26":{"start":{"line":27,"column":0},"end":{"line":27,"column":53}},"28":{"start":{"line":29,"column":0},"end":{"line":29,"column":64}},"30":{"start":{"line":31,"column":0},"end":{"line":31,"column":64}}},"s":{"6":0,"7":0,"8":0,"9":0,"10":0,"11":0,"12":0,"13":0,"14":0,"17":0,"18":0,"24":0,"26":0,"28":0,"30":0},"branchMap":{"0":{"type":"branch","line":1,"loc":{"start":{"line":1,"column":930},"end":{"line":31,"column":64}},"locations":[{"start":{"line":1,"column":930},"end":{"line":31,"column":64}}]}},"b":{"0":[1]},"fnMap":{"0":{"name":"(empty-report)","decl":{"start":{"line":1,"column":930},"end":{"line":31,"column":64}},"loc":{"start":{"line":1,"column":930},"end":{"line":31,"column":64}},"line":1}},"f":{"0":1}}
,"/Users/washingtonj/insulin-capital/src/stories/Button.svelte": {"path":"/Users/washingtonj/insulin-capital/src/stories/Button.svelte","all":true,"statementMap":{"16":{"start":{"line":17,"column":0},"end":{"line":17,"column":96}},"21":{"start":{"line":22,"column":0},"end":{"line":22,"column":69}},"22":{"start":{"line":23,"column":0},"end":{"line":23,"column":43}},"23":{"start":{"line":24,"column":0},"end":{"line":24,"column":46}}},"s":{"16":0,"21":0,"22":0,"23":0},"branchMap":{"0":{"type":"branch","line":1,"loc":{"start":{"line":1,"column":796},"end":{"line":29,"column":9}},"locations":[{"start":{"line":1,"column":796},"end":{"line":29,"column":9}}]}},"b":{"0":[1]},"fnMap":{"0":{"name":"(empty-report)","decl":{"start":{"line":1,"column":796},"end":{"line":29,"column":9}},"loc":{"start":{"line":1,"column":796},"end":{"line":29,"column":9}},"line":1}},"f":{"0":1}}
,"/Users/washingtonj/insulin-capital/src/stories/Header.stories.svelte": {"path":"/Users/washingtonj/insulin-capital/src/stories/Header.stories.svelte","all":true,"statementMap":{"6":{"start":{"line":7,"column":0},"end":{"line":7,"column":32}},"7":{"start":{"line":8,"column":0},"end":{"line":8,"column":28}},"8":{"start":{"line":9,"column":0},"end":{"line":9,"column":22}},"10":{"start":{"line":11,"column":0},"end":{"line":11,"column":23}},"11":{"start":{"line":12,"column":0},"end":{"line":12,"column":17}},"13":{"start":{"line":14,"column":0},"end":{"line":14,"column":27}},"15":{"start":{"line":16,"column":0},"end":{"line":16,"column":11}},"16":{"start":{"line":17,"column":0},"end":{"line":17,"column":20}},"17":{"start":{"line":18,"column":0},"end":{"line":18,"column":21}},"18":{"start":{"line":19,"column":0},"end":{"line":19,"column":28}},"23":{"start":{"line":24,"column":0},"end":{"line":24,"column":64}}},"s":{"6":0,"7":0,"8":0,"10":0,"11":0,"13":0,"15":0,"16":0,"17":0,"18":0,"23":0},"branchMap":{"0":{"type":"branch","line":1,"loc":{"start":{"line":1,"column":829},"end":{"line":26,"column":27}},"locations":[{"start":{"line":1,"column":829},"end":{"line":26,"column":27}}]}},"b":{"0":[1]},"fnMap":{"0":{"name":"(empty-report)","decl":{"start":{"line":1,"column":829},"end":{"line":26,"column":27}},"loc":{"start":{"line":1,"column":829},"end":{"line":26,"column":27}},"line":1}},"f":{"0":1}}
,"/Users/washingtonj/insulin-capital/src/stories/Header.svelte": {"path":"/Users/washingtonj/insulin-capital/src/stories/Header.svelte","all":true,"statementMap":{"35":{"start":{"line":36,"column":0},"end":{"line":36,"column":38}}},"s":{"35":0},"branchMap":{"0":{"type":"branch","line":1,"loc":{"start":{"line":1,"column":1323},"end":{"line":45,"column":9}},"locations":[{"start":{"line":1,"column":1323},"end":{"line":45,"column":9}}]}},"b":{"0":[1]},"fnMap":{"0":{"name":"(empty-report)","decl":{"start":{"line":1,"column":1323},"end":{"line":45,"column":9}},"loc":{"start":{"line":1,"column":1323},"end":{"line":45,"column":9}},"line":1}},"f":{"0":1}}
,"/Users/washingtonj/insulin-capital/src/stories/Page.stories.svelte": {"path":"/Users/washingtonj/insulin-capital/src/stories/Page.stories.svelte","all":true,"statementMap":{"7":{"start":{"line":8,"column":0},"end":{"line":8,"column":32}},"8":{"start":{"line":9,"column":0},"end":{"line":9,"column":26}},"9":{"start":{"line":10,"column":0},"end":{"line":10,"column":20}},"10":{"start":{"line":11,"column":0},"end":{"line":11,"column":17}},"12":{"start":{"line":13,"column":0},"end":{"line":13,"column":27}},"17":{"start":{"line":18,"column":0},"end":{"line":18,"column":60}},"18":{"start":{"line":19,"column":0},"end":{"line":19,"column":41}},"19":{"start":{"line":20,"column":0},"end":{"line":20,"column":72}},"20":{"start":{"line":21,"column":0},"end":{"line":21,"column":50}},"21":{"start":{"line":22,"column":0},"end":{"line":22,"column":39}},"22":{"start":{"line":23,"column":0},"end":{"line":23,"column":69}},"24":{"start":{"line":25,"column":0},"end":{"line":25,"column":74}},"25":{"start":{"line":26,"column":0},"end":{"line":26,"column":51}},"26":{"start":{"line":27,"column":0},"end":{"line":27,"column":4}}},"s":{"7":0,"8":0,"9":0,"10":0,"12":0,"17":0,"18":0,"19":0,"20":0,"21":0,"22":0,"24":0,"25":0,"26":0},"branchMap":{"0":{"type":"branch","line":1,"loc":{"start":{"line":1,"column":1060},"end":{"line":30,"column":27}},"locations":[{"start":{"line":1,"column":1060},"end":{"line":30,"column":27}}]}},"b":{"0":[1]},"fnMap":{"0":{"name":"(empty-report)","decl":{"start":{"line":1,"column":1060},"end":{"line":30,"column":27}},"loc":{"start":{"line":1,"column":1060},"end":{"line":30,"column":27}},"line":1}},"f":{"0":1}}
,"/Users/washingtonj/insulin-capital/src/stories/Page.svelte": {"path":"/Users/washingtonj/insulin-capital/src/stories/Page.svelte","all":true,"statementMap":{"4":{"start":{"line":5,"column":0},"end":{"line":5,"column":40}},"10":{"start":{"line":11,"column":0},"end":{"line":11,"column":49}},"11":{"start":{"line":12,"column":0},"end":{"line":12,"column":39}},"12":{"start":{"line":13,"column":0},"end":{"line":13,"column":57}}},"s":{"4":0,"10":0,"11":0,"12":0},"branchMap":{"0":{"type":"branch","line":1,"loc":{"start":{"line":1,"column":2303},"end":{"line":70,"column":10}},"locations":[{"start":{"line":1,"column":2303},"end":{"line":70,"column":10}}]}},"b":{"0":[1]},"fnMap":{"0":{"name":"(empty-report)","decl":{"start":{"line":1,"column":2303},"end":{"line":70,"column":10}},"loc":{"start":{"line":1,"column":2303},"end":{"line":70,"column":10}},"line":1}},"f":{"0":1}}
}
