{"/Users/washingtonj/insulin-capital/svelte.config.js": {"path":"/Users/washingtonj/insulin-capital/svelte.config.js","all":true,"statementMap":{"0":{"start":{"line":1,"column":0},"end":{"line":1,"column":45}},"1":{"start":{"line":2,"column":0},"end":{"line":2,"column":62}},"3":{"start":{"line":4,"column":0},"end":{"line":4,"column":45}},"4":{"start":{"line":5,"column":0},"end":{"line":5,"column":16}},"5":{"start":{"line":6,"column":0},"end":{"line":6,"column":52}},"6":{"start":{"line":7,"column":0},"end":{"line":7,"column":44}},"7":{"start":{"line":8,"column":0},"end":{"line":8,"column":30}},"9":{"start":{"line":10,"column":0},"end":{"line":10,"column":7}},"10":{"start":{"line":11,"column":0},"end":{"line":11,"column":107}},"11":{"start":{"line":12,"column":0},"end":{"line":12,"column":108}},"12":{"start":{"line":13,"column":0},"end":{"line":13,"column":82}},"13":{"start":{"line":14,"column":0},"end":{"line":14,"column":20}},"14":{"start":{"line":15,"column":0},"end":{"line":15,"column":2}},"15":{"start":{"line":16,"column":0},"end":{"line":16,"column":2}},"17":{"start":{"line":18,"column":0},"end":{"line":18,"column":22}}},"s":{"0":0,"1":0,"3":0,"4":0,"5":0,"6":0,"7":0,"9":0,"10":0,"11":0,"12":0,"13":0,"14":0,"15":0,"17":0},"branchMap":{"0":{"type":"branch","line":1,"loc":{"start":{"line":1,"column":661},"end":{"line":18,"column":22}},"locations":[{"start":{"line":1,"column":661},"end":{"line":18,"column":22}}]}},"b":{"0":[0]},"fnMap":{"0":{"name":"(empty-report)","decl":{"start":{"line":1,"column":661},"end":{"line":18,"column":22}},"loc":{"start":{"line":1,"column":661},"end":{"line":18,"column":22}},"line":1}},"f":{"0":0}}
,"/Users/washingtonj/insulin-capital/src/core/entities/address.ts": {"path":"/Users/washingtonj/insulin-capital/src/core/entities/address.ts","all":false,"statementMap":{"0":{"start":{"line":1,"column":0},"end":{"line":1,"column":28}},"1":{"start":{"line":2,"column":0},"end":{"line":2,"column":25}},"2":{"start":{"line":3,"column":0},"end":{"line":3,"column":26}},"3":{"start":{"line":4,"column":0},"end":{"line":4,"column":27}},"5":{"start":{"line":6,"column":0},"end":{"line":6,"column":35}},"6":{"start":{"line":7,"column":0},"end":{"line":7,"column":28}},"7":{"start":{"line":8,"column":0},"end":{"line":8,"column":2}},"8":{"start":{"line":9,"column":0},"end":{"line":9,"column":1}}},"s":{"0":1,"1":1,"2":1,"3":1,"5":1,"6":1,"7":1,"8":1},"branchMap":{"0":{"type":"branch","line":1,"loc":{"start":{"line":1,"column":27},"end":{"line":9,"column":1}},"locations":[{"start":{"line":1,"column":27},"end":{"line":9,"column":1}}]},"1":{"type":"branch","line":6,"loc":{"start":{"line":6,"column":1},"end":{"line":8,"column":2}},"locations":[{"start":{"line":6,"column":1},"end":{"line":8,"column":2}}]}},"b":{"0":[1],"1":[1]},"fnMap":{"0":{"name":"<instance_members_initializer>","decl":{"start":{"line":1,"column":27},"end":{"line":9,"column":1}},"loc":{"start":{"line":1,"column":27},"end":{"line":9,"column":1}},"line":1},"1":{"name":"AddressEntity","decl":{"start":{"line":6,"column":1},"end":{"line":8,"column":2}},"loc":{"start":{"line":6,"column":1},"end":{"line":8,"column":2}},"line":6}},"f":{"0":1,"1":1}}
,"/Users/washingtonj/insulin-capital/src/core/entities/availability.ts": {"path":"/Users/washingtonj/insulin-capital/src/core/entities/availability.ts","all":false,"statementMap":{"3":{"start":{"line":4,"column":0},"end":{"line":4,"column":33}},"4":{"start":{"line":5,"column":0},"end":{"line":5,"column":28}},"5":{"start":{"line":6,"column":0},"end":{"line":6,"column":13}},"13":{"start":{"line":14,"column":0},"end":{"line":14,"column":40}},"14":{"start":{"line":15,"column":0},"end":{"line":15,"column":28}},"15":{"start":{"line":16,"column":0},"end":{"line":16,"column":2}},"16":{"start":{"line":17,"column":0},"end":{"line":17,"column":1}}},"s":{"3":1,"4":2,"5":2,"13":2,"14":2,"15":2,"16":2},"branchMap":{"0":{"type":"branch","line":4,"loc":{"start":{"line":4,"column":32},"end":{"line":17,"column":1}},"locations":[{"start":{"line":4,"column":32},"end":{"line":17,"column":1}}]},"1":{"type":"branch","line":14,"loc":{"start":{"line":14,"column":1},"end":{"line":16,"column":2}},"locations":[{"start":{"line":14,"column":1},"end":{"line":16,"column":2}}]}},"b":{"0":[2],"1":[2]},"fnMap":{"0":{"name":"<instance_members_initializer>","decl":{"start":{"line":4,"column":32},"end":{"line":17,"column":1}},"loc":{"start":{"line":4,"column":32},"end":{"line":17,"column":1}},"line":4},"1":{"name":"AvailabilityEntity","decl":{"start":{"line":14,"column":1},"end":{"line":16,"column":2}},"loc":{"start":{"line":14,"column":1},"end":{"line":16,"column":2}},"line":14}},"f":{"0":2,"1":2}}
,"/Users/washingtonj/insulin-capital/src/core/entities/insulin.ts": {"path":"/Users/washingtonj/insulin-capital/src/core/entities/insulin.ts","all":false,"statementMap":{"0":{"start":{"line":1,"column":0},"end":{"line":1,"column":28}},"1":{"start":{"line":2,"column":0},"end":{"line":2,"column":15}},"2":{"start":{"line":3,"column":0},"end":{"line":3,"column":15}},"4":{"start":{"line":5,"column":0},"end":{"line":5,"column":35}},"5":{"start":{"line":6,"column":0},"end":{"line":6,"column":28}},"6":{"start":{"line":7,"column":0},"end":{"line":7,"column":2}},"7":{"start":{"line":8,"column":0},"end":{"line":8,"column":1}}},"s":{"0":1,"1":4,"2":4,"4":4,"5":4,"6":4,"7":4},"branchMap":{"0":{"type":"branch","line":1,"loc":{"start":{"line":1,"column":27},"end":{"line":8,"column":1}},"locations":[{"start":{"line":1,"column":27},"end":{"line":8,"column":1}}]},"1":{"type":"branch","line":5,"loc":{"start":{"line":5,"column":1},"end":{"line":7,"column":2}},"locations":[{"start":{"line":5,"column":1},"end":{"line":7,"column":2}}]}},"b":{"0":[4],"1":[4]},"fnMap":{"0":{"name":"<instance_members_initializer>","decl":{"start":{"line":1,"column":27},"end":{"line":8,"column":1}},"loc":{"start":{"line":1,"column":27},"end":{"line":8,"column":1}},"line":1},"1":{"name":"InsulinEntity","decl":{"start":{"line":5,"column":1},"end":{"line":7,"column":2}},"loc":{"start":{"line":5,"column":1},"end":{"line":7,"column":2}},"line":5}},"f":{"0":4,"1":4}}
,"/Users/washingtonj/insulin-capital/src/core/entities/pickup-point.ts": {"path":"/Users/washingtonj/insulin-capital/src/core/entities/pickup-point.ts","all":false,"statementMap":{"2":{"start":{"line":3,"column":0},"end":{"line":3,"column":32}},"3":{"start":{"line":4,"column":0},"end":{"line":4,"column":20}},"4":{"start":{"line":5,"column":0},"end":{"line":5,"column":25}},"6":{"start":{"line":7,"column":0},"end":{"line":7,"column":39}},"7":{"start":{"line":8,"column":0},"end":{"line":8,"column":28}},"8":{"start":{"line":9,"column":0},"end":{"line":9,"column":2}},"9":{"start":{"line":10,"column":0},"end":{"line":10,"column":1}}},"s":{"2":1,"3":2,"4":2,"6":2,"7":2,"8":2,"9":2},"branchMap":{"0":{"type":"branch","line":3,"loc":{"start":{"line":3,"column":31},"end":{"line":10,"column":1}},"locations":[{"start":{"line":3,"column":31},"end":{"line":10,"column":1}}]},"1":{"type":"branch","line":7,"loc":{"start":{"line":7,"column":1},"end":{"line":9,"column":2}},"locations":[{"start":{"line":7,"column":1},"end":{"line":9,"column":2}}]}},"b":{"0":[2],"1":[2]},"fnMap":{"0":{"name":"<instance_members_initializer>","decl":{"start":{"line":3,"column":31},"end":{"line":10,"column":1}},"loc":{"start":{"line":3,"column":31},"end":{"line":10,"column":1}},"line":3},"1":{"name":"PickupPointEntity","decl":{"start":{"line":7,"column":1},"end":{"line":9,"column":2}},"loc":{"start":{"line":7,"column":1},"end":{"line":9,"column":2}},"line":7}},"f":{"0":2,"1":2}}
,"/Users/washingtonj/insulin-capital/src/core/services/e-saude.ts": {"path":"/Users/washingtonj/insulin-capital/src/core/services/e-saude.ts","all":false,"statementMap":{"1":{"start":{"line":2,"column":0},"end":{"line":2,"column":52}},"2":{"start":{"line":3,"column":0},"end":{"line":3,"column":62}},"3":{"start":{"line":4,"column":0},"end":{"line":4,"column":61}},"6":{"start":{"line":7,"column":0},"end":{"line":7,"column":23}},"7":{"start":{"line":8,"column":0},"end":{"line":8,"column":25}},"9":{"start":{"line":10,"column":0},"end":{"line":10,"column":38}},"10":{"start":{"line":11,"column":0},"end":{"line":11,"column":19}},"11":{"start":{"line":12,"column":0},"end":{"line":12,"column":31}},"12":{"start":{"line":13,"column":0},"end":{"line":13,"column":26}},"13":{"start":{"line":14,"column":0},"end":{"line":14,"column":63}},"14":{"start":{"line":15,"column":0},"end":{"line":15,"column":40}},"15":{"start":{"line":16,"column":0},"end":{"line":16,"column":13}},"16":{"start":{"line":17,"column":0},"end":{"line":17,"column":3}},"17":{"start":{"line":18,"column":0},"end":{"line":18,"column":45}},"18":{"start":{"line":19,"column":0},"end":{"line":19,"column":41}},"19":{"start":{"line":20,"column":0},"end":{"line":20,"column":28}},"20":{"start":{"line":21,"column":0},"end":{"line":21,"column":14}},"21":{"start":{"line":22,"column":0},"end":{"line":22,"column":28}},"22":{"start":{"line":23,"column":0},"end":{"line":23,"column":37}},"23":{"start":{"line":24,"column":0},"end":{"line":24,"column":37}},"24":{"start":{"line":25,"column":0},"end":{"line":25,"column":5}},"25":{"start":{"line":26,"column":0},"end":{"line":26,"column":6}},"27":{"start":{"line":28,"column":0},"end":{"line":28,"column":65}},"29":{"start":{"line":30,"column":0},"end":{"line":30,"column":93}},"31":{"start":{"line":32,"column":0},"end":{"line":32,"column":39}},"32":{"start":{"line":33,"column":0},"end":{"line":33,"column":53}},"33":{"start":{"line":34,"column":0},"end":{"line":34,"column":27}},"34":{"start":{"line":35,"column":0},"end":{"line":35,"column":7}},"37":{"start":{"line":38,"column":0},"end":{"line":38,"column":29}},"38":{"start":{"line":39,"column":0},"end":{"line":39,"column":56}},"39":{"start":{"line":40,"column":0},"end":{"line":40,"column":62}},"41":{"start":{"line":42,"column":0},"end":{"line":42,"column":12}},"42":{"start":{"line":43,"column":0},"end":{"line":43,"column":13}},"43":{"start":{"line":44,"column":0},"end":{"line":44,"column":39}},"44":{"start":{"line":45,"column":0},"end":{"line":45,"column":10}},"45":{"start":{"line":46,"column":0},"end":{"line":46,"column":6}},"46":{"start":{"line":47,"column":0},"end":{"line":47,"column":6}},"48":{"start":{"line":49,"column":0},"end":{"line":49,"column":34}},"49":{"start":{"line":50,"column":0},"end":{"line":50,"column":11}},"50":{"start":{"line":51,"column":0},"end":{"line":51,"column":12}},"51":{"start":{"line":52,"column":0},"end":{"line":52,"column":6}},"52":{"start":{"line":53,"column":0},"end":{"line":53,"column":5}},"53":{"start":{"line":54,"column":0},"end":{"line":54,"column":2}},"54":{"start":{"line":55,"column":0},"end":{"line":55,"column":1}},"57":{"start":{"line":58,"column":0},"end":{"line":58,"column":28}},"58":{"start":{"line":59,"column":0},"end":{"line":59,"column":98}},"60":{"start":{"line":61,"column":0},"end":{"line":61,"column":20}},"61":{"start":{"line":62,"column":0},"end":{"line":62,"column":10}},"62":{"start":{"line":63,"column":0},"end":{"line":63,"column":4}},"63":{"start":{"line":64,"column":0},"end":{"line":64,"column":29}},"64":{"start":{"line":65,"column":0},"end":{"line":65,"column":81}},"65":{"start":{"line":66,"column":0},"end":{"line":66,"column":5}},"66":{"start":{"line":67,"column":0},"end":{"line":67,"column":4}},"67":{"start":{"line":68,"column":0},"end":{"line":68,"column":29}},"68":{"start":{"line":69,"column":0},"end":{"line":69,"column":85}},"69":{"start":{"line":70,"column":0},"end":{"line":70,"column":5}},"70":{"start":{"line":71,"column":0},"end":{"line":71,"column":4}},"71":{"start":{"line":72,"column":0},"end":{"line":72,"column":29}},"72":{"start":{"line":73,"column":0},"end":{"line":73,"column":97}},"73":{"start":{"line":74,"column":0},"end":{"line":74,"column":5}},"74":{"start":{"line":75,"column":0},"end":{"line":75,"column":4}},"75":{"start":{"line":76,"column":0},"end":{"line":76,"column":29}},"76":{"start":{"line":77,"column":0},"end":{"line":77,"column":75}},"77":{"start":{"line":78,"column":0},"end":{"line":78,"column":5}},"78":{"start":{"line":79,"column":0},"end":{"line":79,"column":4}},"79":{"start":{"line":80,"column":0},"end":{"line":80,"column":29}},"80":{"start":{"line":81,"column":0},"end":{"line":81,"column":92}},"81":{"start":{"line":82,"column":0},"end":{"line":82,"column":5}},"82":{"start":{"line":83,"column":0},"end":{"line":83,"column":4}},"83":{"start":{"line":84,"column":0},"end":{"line":84,"column":29}},"84":{"start":{"line":85,"column":0},"end":{"line":85,"column":71}},"85":{"start":{"line":86,"column":0},"end":{"line":86,"column":4}},"86":{"start":{"line":87,"column":0},"end":{"line":87,"column":23}},"87":{"start":{"line":88,"column":0},"end":{"line":88,"column":2}},"89":{"start":{"line":90,"column":0},"end":{"line":90,"column":75}},"90":{"start":{"line":91,"column":0},"end":{"line":91,"column":81}},"91":{"start":{"line":92,"column":0},"end":{"line":92,"column":18}},"92":{"start":{"line":93,"column":0},"end":{"line":93,"column":13}},"93":{"start":{"line":94,"column":0},"end":{"line":94,"column":38}},"94":{"start":{"line":95,"column":0},"end":{"line":95,"column":5}},"95":{"start":{"line":96,"column":0},"end":{"line":96,"column":25}},"96":{"start":{"line":97,"column":0},"end":{"line":97,"column":11}},"97":{"start":{"line":98,"column":0},"end":{"line":98,"column":47}},"98":{"start":{"line":99,"column":0},"end":{"line":99,"column":23}},"99":{"start":{"line":100,"column":0},"end":{"line":100,"column":24}},"100":{"start":{"line":101,"column":0},"end":{"line":101,"column":9}},"101":{"start":{"line":102,"column":0},"end":{"line":102,"column":19}},"102":{"start":{"line":103,"column":0},"end":{"line":103,"column":28}},"103":{"start":{"line":104,"column":0},"end":{"line":104,"column":28}},"104":{"start":{"line":105,"column":0},"end":{"line":105,"column":7}},"105":{"start":{"line":106,"column":0},"end":{"line":106,"column":30}},"106":{"start":{"line":107,"column":0},"end":{"line":107,"column":5}},"107":{"start":{"line":108,"column":0},"end":{"line":108,"column":5}},"108":{"start":{"line":109,"column":0},"end":{"line":109,"column":5}},"110":{"start":{"line":111,"column":0},"end":{"line":111,"column":20}},"111":{"start":{"line":112,"column":0},"end":{"line":112,"column":71}},"112":{"start":{"line":113,"column":0},"end":{"line":113,"column":3}},"113":{"start":{"line":114,"column":0},"end":{"line":114,"column":40}},"114":{"start":{"line":115,"column":0},"end":{"line":115,"column":96}},"116":{"start":{"line":117,"column":0},"end":{"line":117,"column":29}},"117":{"start":{"line":118,"column":0},"end":{"line":118,"column":2}},"118":{"start":{"line":119,"column":0},"end":{"line":119,"column":1}}},"s":{"1":1,"2":1,"3":1,"6":1,"7":1,"9":1,"10":4,"11":4,"12":4,"13":4,"14":4,"15":1,"16":1,"17":3,"18":2,"19":2,"20":2,"21":2,"22":2,"23":2,"24":2,"25":2,"27":2,"29":2,"31":2,"32":2,"33":2,"34":2,"37":2,"38":2,"39":1,"41":2,"42":2,"43":2,"44":2,"45":2,"46":2,"48":2,"49":2,"50":2,"51":2,"52":3,"53":4,"54":1,"57":1,"58":9,"60":9,"61":1,"62":1,"63":1,"64":1,"65":1,"66":1,"67":1,"68":1,"69":1,"70":1,"71":1,"72":1,"73":1,"74":1,"75":1,"76":1,"77":1,"78":1,"79":1,"80":1,"81":1,"82":1,"83":1,"84":1,"85":1,"86":1,"87":1,"89":9,"90":4,"91":4,"92":4,"93":4,"94":4,"95":4,"96":4,"97":4,"98":6,"99":6,"100":4,"101":4,"102":4,"103":4,"104":4,"105":4,"106":4,"107":4,"108":4,"110":4,"111":4,"112":4,"113":4,"114":4,"116":4,"117":4,"118":9},"branchMap":{"0":{"type":"branch","line":10,"loc":{"start":{"line":10,"column":8},"end":{"line":54,"column":2}},"locations":[{"start":{"line":10,"column":8},"end":{"line":54,"column":2}}]},"1":{"type":"branch","line":15,"loc":{"start":{"line":15,"column":39},"end":{"line":17,"column":3}},"locations":[{"start":{"line":15,"column":39},"end":{"line":17,"column":3}}]},"2":{"type":"branch","line":17,"loc":{"start":{"line":17,"column":2},"end":{"line":53,"column":5}},"locations":[{"start":{"line":17,"column":2},"end":{"line":53,"column":5}}]},"3":{"type":"branch","line":18,"loc":{"start":{"line":18,"column":29},"end":{"line":53,"column":3}},"locations":[{"start":{"line":18,"column":29},"end":{"line":53,"column":3}}]},"4":{"type":"branch","line":28,"loc":{"start":{"line":28,"column":26},"end":{"line":28,"column":45}},"locations":[{"start":{"line":28,"column":26},"end":{"line":28,"column":45}}]},"5":{"type":"branch","line":28,"loc":{"start":{"line":28,"column":49},"end":{"line":47,"column":4}},"locations":[{"start":{"line":28,"column":49},"end":{"line":47,"column":4}}]},"6":{"type":"branch","line":33,"loc":{"start":{"line":33,"column":11},"end":{"line":33,"column":50}},"locations":[{"start":{"line":33,"column":11},"end":{"line":33,"column":50}}]},"7":{"type":"branch","line":33,"loc":{"start":{"line":33,"column":43},"end":{"line":33,"column":53}},"locations":[{"start":{"line":33,"column":43},"end":{"line":33,"column":53}}]},"8":{"type":"branch","line":39,"loc":{"start":{"line":39,"column":46},"end":{"line":40,"column":62}},"locations":[{"start":{"line":39,"column":46},"end":{"line":40,"column":62}}]},"9":{"type":"branch","line":40,"loc":{"start":{"line":40,"column":52},"end":{"line":40,"column":62}},"locations":[{"start":{"line":40,"column":52},"end":{"line":40,"column":62}}]},"10":{"type":"branch","line":30,"loc":{"start":{"line":30,"column":45},"end":{"line":30,"column":91}},"locations":[{"start":{"line":30,"column":45},"end":{"line":30,"column":91}}]},"11":{"type":"branch","line":58,"loc":{"start":{"line":58,"column":27},"end":{"line":119,"column":1}},"locations":[{"start":{"line":58,"column":27},"end":{"line":119,"column":1}}]},"12":{"type":"branch","line":61,"loc":{"start":{"line":61,"column":1},"end":{"line":88,"column":2}},"locations":[{"start":{"line":61,"column":1},"end":{"line":88,"column":2}}]},"13":{"type":"branch","line":90,"loc":{"start":{"line":90,"column":1},"end":{"line":118,"column":2}},"locations":[{"start":{"line":90,"column":1},"end":{"line":118,"column":2}}]},"14":{"type":"branch","line":98,"loc":{"start":{"line":98,"column":32},"end":{"line":101,"column":7}},"locations":[{"start":{"line":98,"column":32},"end":{"line":101,"column":7}}]}},"b":{"0":[4],"1":[1],"2":[3],"3":[2],"4":[0],"5":[2],"6":[1],"7":[1],"8":[1],"9":[0],"10":[1],"11":[9],"12":[1],"13":[4],"14":[6]},"fnMap":{"0":{"name":"ESaudeTransform","decl":{"start":{"line":8,"column":9},"end":{"line":8,"column":25}},"loc":{"start":{"line":8,"column":9},"end":{"line":8,"column":25}},"line":8},"1":{"name":"transformAvailabilityResponse","decl":{"start":{"line":10,"column":8},"end":{"line":54,"column":2}},"loc":{"start":{"line":10,"column":8},"end":{"line":54,"column":2}},"line":10},"2":{"name":"<instance_members_initializer>","decl":{"start":{"line":58,"column":27},"end":{"line":119,"column":1}},"loc":{"start":{"line":58,"column":27},"end":{"line":119,"column":1}},"line":58},"3":{"name":"getInsulinsInfo","decl":{"start":{"line":61,"column":1},"end":{"line":88,"column":2}},"loc":{"start":{"line":61,"column":1},"end":{"line":88,"column":2}},"line":61},"4":{"name":"getAvailability","decl":{"start":{"line":90,"column":1},"end":{"line":118,"column":2}},"loc":{"start":{"line":90,"column":1},"end":{"line":118,"column":2}},"line":90}},"f":{"0":0,"1":4,"2":9,"3":1,"4":4}}
,"/Users/washingtonj/insulin-capital/src/core/usecases/get-insulin-availability.ts": {"path":"/Users/washingtonj/insulin-capital/src/core/usecases/get-insulin-availability.ts","all":false,"statementMap":{"0":{"start":{"line":1,"column":0},"end":{"line":1,"column":52}},"4":{"start":{"line":5,"column":0},"end":{"line":5,"column":49}},"6":{"start":{"line":7,"column":0},"end":{"line":7,"column":2}},"7":{"start":{"line":8,"column":0},"end":{"line":8,"column":69}},"8":{"start":{"line":9,"column":0},"end":{"line":9,"column":24}},"9":{"start":{"line":10,"column":0},"end":{"line":10,"column":23}},"10":{"start":{"line":11,"column":0},"end":{"line":11,"column":2}},"11":{"start":{"line":12,"column":0},"end":{"line":12,"column":2}},"13":{"start":{"line":14,"column":0},"end":{"line":14,"column":37}},"14":{"start":{"line":15,"column":0},"end":{"line":15,"column":38}},"16":{"start":{"line":17,"column":0},"end":{"line":17,"column":16}},"17":{"start":{"line":18,"column":0},"end":{"line":18,"column":43}},"18":{"start":{"line":19,"column":0},"end":{"line":19,"column":2}},"20":{"start":{"line":21,"column":0},"end":{"line":21,"column":18}},"21":{"start":{"line":22,"column":0},"end":{"line":22,"column":56}},"22":{"start":{"line":23,"column":0},"end":{"line":23,"column":46}},"24":{"start":{"line":25,"column":0},"end":{"line":25,"column":55}},"25":{"start":{"line":26,"column":0},"end":{"line":26,"column":80}},"26":{"start":{"line":27,"column":0},"end":{"line":27,"column":48}},"27":{"start":{"line":28,"column":0},"end":{"line":28,"column":3}},"30":{"start":{"line":31,"column":0},"end":{"line":31,"column":31}},"31":{"start":{"line":32,"column":0},"end":{"line":32,"column":66}},"32":{"start":{"line":33,"column":0},"end":{"line":33,"column":66}},"33":{"start":{"line":34,"column":0},"end":{"line":34,"column":28}},"34":{"start":{"line":35,"column":0},"end":{"line":35,"column":5}},"36":{"start":{"line":37,"column":0},"end":{"line":37,"column":22}},"37":{"start":{"line":38,"column":0},"end":{"line":38,"column":2}},"38":{"start":{"line":39,"column":0},"end":{"line":39,"column":1}}},"s":{"0":1,"4":1,"6":1,"7":1,"8":1,"9":1,"10":1,"11":1,"13":1,"14":4,"16":4,"17":4,"18":4,"20":4,"21":4,"22":4,"24":4,"25":4,"26":4,"27":4,"30":4,"31":4,"32":4,"33":4,"34":4,"36":4,"37":4,"38":4},"branchMap":{"0":{"type":"branch","line":14,"loc":{"start":{"line":14,"column":36},"end":{"line":39,"column":1}},"locations":[{"start":{"line":14,"column":36},"end":{"line":39,"column":1}}]},"1":{"type":"branch","line":17,"loc":{"start":{"line":17,"column":1},"end":{"line":19,"column":2}},"locations":[{"start":{"line":17,"column":1},"end":{"line":19,"column":2}}]},"2":{"type":"branch","line":21,"loc":{"start":{"line":21,"column":1},"end":{"line":38,"column":2}},"locations":[{"start":{"line":21,"column":1},"end":{"line":38,"column":2}}]},"3":{"type":"branch","line":31,"loc":{"start":{"line":31,"column":20},"end":{"line":35,"column":3}},"locations":[{"start":{"line":31,"column":20},"end":{"line":35,"column":3}}]},"4":{"type":"branch","line":32,"loc":{"start":{"line":32,"column":37},"end":{"line":32,"column":57}},"locations":[{"start":{"line":32,"column":37},"end":{"line":32,"column":57}}]},"5":{"type":"branch","line":33,"loc":{"start":{"line":33,"column":37},"end":{"line":33,"column":57}},"locations":[{"start":{"line":33,"column":37},"end":{"line":33,"column":57}}]}},"b":{"0":[4],"1":[4],"2":[4],"3":[4],"4":[8],"5":[8]},"fnMap":{"0":{"name":"<instance_members_initializer>","decl":{"start":{"line":14,"column":36},"end":{"line":39,"column":1}},"loc":{"start":{"line":14,"column":36},"end":{"line":39,"column":1}},"line":14},"1":{"name":"GetInsulinAvailability","decl":{"start":{"line":17,"column":1},"end":{"line":19,"column":2}},"loc":{"start":{"line":17,"column":1},"end":{"line":19,"column":2}},"line":17},"2":{"name":"execute","decl":{"start":{"line":21,"column":1},"end":{"line":38,"column":2}},"loc":{"start":{"line":21,"column":1},"end":{"line":38,"column":2}},"line":21}},"f":{"0":4,"1":4,"2":4}}
,"/Users/washingtonj/insulin-capital/src/lib/index.ts": {"path":"/Users/washingtonj/insulin-capital/src/lib/index.ts","all":true,"statementMap":{},"s":{},"branchMap":{"0":{"type":"branch","line":1,"loc":{"start":{"line":1,"column":74},"end":{"line":1,"column":74}},"locations":[{"start":{"line":1,"column":74},"end":{"line":1,"column":74}}]}},"b":{"0":[1]},"fnMap":{"0":{"name":"(empty-report)","decl":{"start":{"line":1,"column":74},"end":{"line":1,"column":74}},"loc":{"start":{"line":1,"column":74},"end":{"line":1,"column":74}},"line":1}},"f":{"0":1}}
,"/Users/washingtonj/insulin-capital/src/routes/+layout.svelte": {"path":"/Users/washingtonj/insulin-capital/src/routes/+layout.svelte","all":true,"statementMap":{},"s":{},"branchMap":{"0":{"type":"branch","line":1,"loc":{"start":{"line":1,"column":103},"end":{"line":7,"column":20}},"locations":[{"start":{"line":1,"column":103},"end":{"line":7,"column":20}}]}},"b":{"0":[1]},"fnMap":{"0":{"name":"(empty-report)","decl":{"start":{"line":1,"column":103},"end":{"line":7,"column":20}},"loc":{"start":{"line":1,"column":103},"end":{"line":7,"column":20}},"line":1}},"f":{"0":1}}
,"/Users/washingtonj/insulin-capital/src/routes/+page.svelte": {"path":"/Users/washingtonj/insulin-capital/src/routes/+page.svelte","all":false,"statementMap":{},"s":{},"branchMap":{},"b":{},"fnMap":{},"f":{}}
,"/Users/washingtonj/insulin-capital/src/routes/api/availability/+server.ts": {"path":"/Users/washingtonj/insulin-capital/src/routes/api/availability/+server.ts","all":true,"statementMap":{"1":{"start":{"line":2,"column":0},"end":{"line":2,"column":89}},"3":{"start":{"line":4,"column":0},"end":{"line":4,"column":48}},"4":{"start":{"line":5,"column":0},"end":{"line":5,"column":46}},"5":{"start":{"line":6,"column":0},"end":{"line":6,"column":40}},"7":{"start":{"line":8,"column":0},"end":{"line":8,"column":46}},"8":{"start":{"line":9,"column":0},"end":{"line":9,"column":14}},"9":{"start":{"line":10,"column":0},"end":{"line":10,"column":12}},"10":{"start":{"line":11,"column":0},"end":{"line":11,"column":37}},"11":{"start":{"line":12,"column":0},"end":{"line":12,"column":3}},"12":{"start":{"line":13,"column":0},"end":{"line":13,"column":4}},"13":{"start":{"line":14,"column":0},"end":{"line":14,"column":2}}},"s":{"1":0,"3":0,"4":0,"5":0,"7":0,"8":0,"9":0,"10":0,"11":0,"12":0,"13":0},"branchMap":{"0":{"type":"branch","line":1,"loc":{"start":{"line":1,"column":401},"end":{"line":14,"column":2}},"locations":[{"start":{"line":1,"column":401},"end":{"line":14,"column":2}}]}},"b":{"0":[1]},"fnMap":{"0":{"name":"(empty-report)","decl":{"start":{"line":1,"column":401},"end":{"line":14,"column":2}},"loc":{"start":{"line":1,"column":401},"end":{"line":14,"column":2}},"line":1}},"f":{"0":1}}
,"/Users/washingtonj/insulin-capital/src/stories/Button.stories.svelte": {"path":"/Users/washingtonj/insulin-capital/src/stories/Button.stories.svelte","all":true,"statementMap":{"6":{"start":{"line":7,"column":0},"end":{"line":7,"column":32}},"7":{"start":{"line":8,"column":0},"end":{"line":8,"column":28}},"8":{"start":{"line":9,"column":0},"end":{"line":9,"column":22}},"9":{"start":{"line":10,"column":0},"end":{"line":10,"column":23}},"10":{"start":{"line":11,"column":0},"end":{"line":11,"column":15}},"11":{"start":{"line":12,"column":0},"end":{"line":12,"column":44}},"12":{"start":{"line":13,"column":0},"end":{"line":13,"column":13}},"13":{"start":{"line":14,"column":0},"end":{"line":14,"column":36}},"14":{"start":{"line":15,"column":0},"end":{"line":15,"column":46}},"17":{"start":{"line":18,"column":0},"end":{"line":18,"column":11}},"18":{"start":{"line":19,"column":0},"end":{"line":19,"column":20}},"24":{"start":{"line":25,"column":0},"end":{"line":25,"column":66}},"26":{"start":{"line":27,"column":0},"end":{"line":27,"column":53}},"28":{"start":{"line":29,"column":0},"end":{"line":29,"column":64}},"30":{"start":{"line":31,"column":0},"end":{"line":31,"column":64}}},"s":{"6":0,"7":0,"8":0,"9":0,"10":0,"11":0,"12":0,"13":0,"14":0,"17":0,"18":0,"24":0,"26":0,"28":0,"30":0},"branchMap":{"0":{"type":"branch","line":1,"loc":{"start":{"line":1,"column":930},"end":{"line":31,"column":64}},"locations":[{"start":{"line":1,"column":930},"end":{"line":31,"column":64}}]}},"b":{"0":[1]},"fnMap":{"0":{"name":"(empty-report)","decl":{"start":{"line":1,"column":930},"end":{"line":31,"column":64}},"loc":{"start":{"line":1,"column":930},"end":{"line":31,"column":64}},"line":1}},"f":{"0":1}}
,"/Users/washingtonj/insulin-capital/src/stories/Button.svelte": {"path":"/Users/washingtonj/insulin-capital/src/stories/Button.svelte","all":true,"statementMap":{"16":{"start":{"line":17,"column":0},"end":{"line":17,"column":96}},"21":{"start":{"line":22,"column":0},"end":{"line":22,"column":69}},"22":{"start":{"line":23,"column":0},"end":{"line":23,"column":43}},"23":{"start":{"line":24,"column":0},"end":{"line":24,"column":46}}},"s":{"16":0,"21":0,"22":0,"23":0},"branchMap":{"0":{"type":"branch","line":1,"loc":{"start":{"line":1,"column":796},"end":{"line":29,"column":9}},"locations":[{"start":{"line":1,"column":796},"end":{"line":29,"column":9}}]}},"b":{"0":[1]},"fnMap":{"0":{"name":"(empty-report)","decl":{"start":{"line":1,"column":796},"end":{"line":29,"column":9}},"loc":{"start":{"line":1,"column":796},"end":{"line":29,"column":9}},"line":1}},"f":{"0":1}}
,"/Users/washingtonj/insulin-capital/src/stories/Header.stories.svelte": {"path":"/Users/washingtonj/insulin-capital/src/stories/Header.stories.svelte","all":true,"statementMap":{"6":{"start":{"line":7,"column":0},"end":{"line":7,"column":32}},"7":{"start":{"line":8,"column":0},"end":{"line":8,"column":28}},"8":{"start":{"line":9,"column":0},"end":{"line":9,"column":22}},"10":{"start":{"line":11,"column":0},"end":{"line":11,"column":23}},"11":{"start":{"line":12,"column":0},"end":{"line":12,"column":17}},"13":{"start":{"line":14,"column":0},"end":{"line":14,"column":27}},"15":{"start":{"line":16,"column":0},"end":{"line":16,"column":11}},"16":{"start":{"line":17,"column":0},"end":{"line":17,"column":20}},"17":{"start":{"line":18,"column":0},"end":{"line":18,"column":21}},"18":{"start":{"line":19,"column":0},"end":{"line":19,"column":28}},"23":{"start":{"line":24,"column":0},"end":{"line":24,"column":64}}},"s":{"6":0,"7":0,"8":0,"10":0,"11":0,"13":0,"15":0,"16":0,"17":0,"18":0,"23":0},"branchMap":{"0":{"type":"branch","line":1,"loc":{"start":{"line":1,"column":829},"end":{"line":26,"column":27}},"locations":[{"start":{"line":1,"column":829},"end":{"line":26,"column":27}}]}},"b":{"0":[1]},"fnMap":{"0":{"name":"(empty-report)","decl":{"start":{"line":1,"column":829},"end":{"line":26,"column":27}},"loc":{"start":{"line":1,"column":829},"end":{"line":26,"column":27}},"line":1}},"f":{"0":1}}
,"/Users/washingtonj/insulin-capital/src/stories/Header.svelte": {"path":"/Users/washingtonj/insulin-capital/src/stories/Header.svelte","all":true,"statementMap":{"35":{"start":{"line":36,"column":0},"end":{"line":36,"column":38}}},"s":{"35":0},"branchMap":{"0":{"type":"branch","line":1,"loc":{"start":{"line":1,"column":1323},"end":{"line":45,"column":9}},"locations":[{"start":{"line":1,"column":1323},"end":{"line":45,"column":9}}]}},"b":{"0":[1]},"fnMap":{"0":{"name":"(empty-report)","decl":{"start":{"line":1,"column":1323},"end":{"line":45,"column":9}},"loc":{"start":{"line":1,"column":1323},"end":{"line":45,"column":9}},"line":1}},"f":{"0":1}}
,"/Users/washingtonj/insulin-capital/src/stories/Page.stories.svelte": {"path":"/Users/washingtonj/insulin-capital/src/stories/Page.stories.svelte","all":true,"statementMap":{"7":{"start":{"line":8,"column":0},"end":{"line":8,"column":32}},"8":{"start":{"line":9,"column":0},"end":{"line":9,"column":26}},"9":{"start":{"line":10,"column":0},"end":{"line":10,"column":20}},"10":{"start":{"line":11,"column":0},"end":{"line":11,"column":17}},"12":{"start":{"line":13,"column":0},"end":{"line":13,"column":27}},"17":{"start":{"line":18,"column":0},"end":{"line":18,"column":60}},"18":{"start":{"line":19,"column":0},"end":{"line":19,"column":41}},"19":{"start":{"line":20,"column":0},"end":{"line":20,"column":72}},"20":{"start":{"line":21,"column":0},"end":{"line":21,"column":50}},"21":{"start":{"line":22,"column":0},"end":{"line":22,"column":39}},"22":{"start":{"line":23,"column":0},"end":{"line":23,"column":69}},"24":{"start":{"line":25,"column":0},"end":{"line":25,"column":74}},"25":{"start":{"line":26,"column":0},"end":{"line":26,"column":51}},"26":{"start":{"line":27,"column":0},"end":{"line":27,"column":4}}},"s":{"7":0,"8":0,"9":0,"10":0,"12":0,"17":0,"18":0,"19":0,"20":0,"21":0,"22":0,"24":0,"25":0,"26":0},"branchMap":{"0":{"type":"branch","line":1,"loc":{"start":{"line":1,"column":1060},"end":{"line":30,"column":27}},"locations":[{"start":{"line":1,"column":1060},"end":{"line":30,"column":27}}]}},"b":{"0":[1]},"fnMap":{"0":{"name":"(empty-report)","decl":{"start":{"line":1,"column":1060},"end":{"line":30,"column":27}},"loc":{"start":{"line":1,"column":1060},"end":{"line":30,"column":27}},"line":1}},"f":{"0":1}}
,"/Users/washingtonj/insulin-capital/src/stories/Page.svelte": {"path":"/Users/washingtonj/insulin-capital/src/stories/Page.svelte","all":true,"statementMap":{"4":{"start":{"line":5,"column":0},"end":{"line":5,"column":40}},"10":{"start":{"line":11,"column":0},"end":{"line":11,"column":49}},"11":{"start":{"line":12,"column":0},"end":{"line":12,"column":39}},"12":{"start":{"line":13,"column":0},"end":{"line":13,"column":57}}},"s":{"4":0,"10":0,"11":0,"12":0},"branchMap":{"0":{"type":"branch","line":1,"loc":{"start":{"line":1,"column":2303},"end":{"line":70,"column":10}},"locations":[{"start":{"line":1,"column":2303},"end":{"line":70,"column":10}}]}},"b":{"0":[1]},"fnMap":{"0":{"name":"(empty-report)","decl":{"start":{"line":1,"column":2303},"end":{"line":70,"column":10}},"loc":{"start":{"line":1,"column":2303},"end":{"line":70,"column":10}},"line":1}},"f":{"0":1}}
}
